TN:
SF:/home/egervais/code/red_tetris/src/client/actions/alert.js
FN:3,alert
FNF:1
FNH:0
FNDA:0,alert
LF:0
LH:0
BRF:0
BRH:0
end_of_record
TN:
SF:/home/egervais/code/red_tetris/src/client/actions/server.js
FN:1,ping
FNF:1
FNH:0
FNDA:0,ping
LF:0
LH:0
BRF:0
BRH:0
end_of_record
TN:
SF:/home/egervais/code/red_tetris/src/client/components/board.js
FN:4,Board
FN:8,(anonymous_3)
FN:11,(anonymous_4)
FNF:3
FNH:0
FNDA:0,Board
FNDA:0,(anonymous_3)
FNDA:0,(anonymous_4)
DA:4,1
LF:1
LH:1
BRF:0
BRH:0
end_of_record
TN:
SF:/home/egervais/code/red_tetris/src/client/components/cell.js
FN:3,Cell
FNF:1
FNH:0
FNDA:0,Cell
DA:3,1
LF:1
LH:1
BRF:0
BRH:0
end_of_record
TN:
SF:/home/egervais/code/red_tetris/src/client/components/spectral.js
FN:3,PhantomBoard
FNF:1
FNH:0
FNDA:0,PhantomBoard
DA:4,0
LF:1
LH:0
BRDA:4,1,0,0
BRDA:4,1,1,0
BRF:2
BRH:0
end_of_record
TN:
SF:/home/egervais/code/red_tetris/src/client/containers/app.js
FN:10,App
FN:27,mapStateToProps
FNF:2
FNH:0
FNDA:0,App
FNDA:0,mapStateToProps
DA:13,0
DA:14,0
LF:2
LH:0
BRDA:20,1,0,0
BRDA:20,2,0,0
BRDA:20,2,1,0
BRF:3
BRH:0
end_of_record
TN:
SF:/home/egervais/code/red_tetris/src/client/helper/piece.js
FN:31,transpose
FNF:1
FNH:0
FNDA:0,transpose
LF:0
LH:0
BRF:0
BRH:0
end_of_record
TN:
SF:/home/egervais/code/red_tetris/src/client/helper/type.js
FNF:0
FNH:0
LF:0
LH:0
BRF:0
BRH:0
end_of_record
TN:
SF:/home/egervais/code/red_tetris/src/client/hooks/Actions.js
FN:6,playTetris
FN:7,(anonymous_7)
FN:13,checkCollision
FN:23,checkSideCollision
FN:33,addPiece
FN:44,handleLine
FN:46,(anonymous_13)
FN:56,boardReducer
FN:115,getEmptyBoard
FNF:9
FNH:0
FNDA:0,playTetris
FNDA:0,(anonymous_7)
FNDA:0,checkCollision
FNDA:0,checkSideCollision
FNDA:0,addPiece
FNDA:0,handleLine
FNDA:0,(anonymous_13)
FNDA:0,boardReducer
FNDA:0,getEmptyBoard
DA:6,1
DA:13,1
DA:14,0
DA:15,0
DA:16,0
DA:23,1
DA:24,0
DA:25,0
DA:26,0
DA:33,1
DA:35,0
DA:36,0
DA:37,0
DA:44,1
DA:47,0
DA:56,1
DA:71,0
DA:72,0
DA:89,0
DA:91,0
DA:93,0
DA:98,0
DA:102,0
DA:115,1
LF:24
LH:7
BRDA:16,1,0,0
BRDA:16,1,1,0
BRDA:16,2,0,0
BRDA:16,2,1,0
BRDA:16,2,2,0
BRDA:16,2,3,0
BRDA:26,3,0,0
BRDA:26,3,1,0
BRDA:26,4,0,0
BRDA:26,4,1,0
BRDA:26,4,2,0
BRDA:26,4,3,0
BRDA:37,5,0,0
BRDA:37,5,1,0
BRDA:47,6,0,0
BRDA:47,6,1,0
BRDA:47,7,0,0
BRDA:47,7,1,0
BRDA:59,8,0,0
BRDA:59,8,1,0
BRDA:59,8,2,0
BRDA:59,8,3,0
BRDA:59,8,4,0
BRDA:59,8,5,0
BRDA:59,8,6,0
BRDA:59,8,7,0
BRDA:71,9,0,0
BRDA:71,9,1,0
BRDA:89,10,0,0
BRDA:89,10,1,0
BRDA:89,11,0,0
BRDA:89,11,1,0
BRDA:90,12,0,0
BRDA:90,12,1,0
BRDA:91,13,0,0
BRDA:91,13,1,0
BRDA:93,14,0,0
BRDA:93,14,1,0
BRDA:98,15,0,0
BRDA:98,15,1,0
BRF:40
BRH:0
end_of_record
TN:
SF:/home/egervais/code/red_tetris/src/client/hooks/useGame.js
FN:6,useInterval
FN:9,(anonymous_5)
FN:13,(anonymous_6)
FN:22,useGame
FN:32,(anonymous_10)
FN:35,(anonymous_11)
FN:38,(anonymous_12)
FN:39,(anonymous_13)
FN:47,(anonymous_14)
FN:51,(anonymous_15)
FN:55,(anonymous_16)
FN:59,(anonymous_17)
FN:62,(anonymous_18)
FN:67,(anonymous_19)
FN:71,(anonymous_20)
FN:77,(anonymous_21)
FN:85,(anonymous_22)
FN:86,handleKeyDown
FN:115,(anonymous_24)
FN:122,(anonymous_25)
FN:123,(anonymous_26)
FNF:21
FNH:0
FNDA:0,useInterval
FNDA:0,(anonymous_5)
FNDA:0,(anonymous_6)
FNDA:0,useGame
FNDA:0,(anonymous_10)
FNDA:0,(anonymous_11)
FNDA:0,(anonymous_12)
FNDA:0,(anonymous_13)
FNDA:0,(anonymous_14)
FNDA:0,(anonymous_15)
FNDA:0,(anonymous_16)
FNDA:0,(anonymous_17)
FNDA:0,(anonymous_18)
FNDA:0,(anonymous_19)
FNDA:0,(anonymous_20)
FNDA:0,(anonymous_21)
FNDA:0,(anonymous_22)
FNDA:0,handleKeyDown
FNDA:0,(anonymous_24)
FNDA:0,(anonymous_25)
FNDA:0,(anonymous_26)
DA:6,1
DA:14,0
DA:22,1
DA:68,0
DA:70,0
DA:87,0
DA:121,0
DA:124,0
DA:125,0
LF:9
LH:2
BRDA:14,1,0,0
BRDA:14,1,1,0
BRDA:68,2,0,0
BRDA:68,2,1,0
BRDA:70,3,0,0
BRDA:70,3,1,0
BRDA:87,4,0,0
BRDA:87,4,1,0
BRDA:90,5,0,0
BRDA:90,5,1,0
BRDA:90,5,2,0
BRDA:90,5,3,0
BRDA:90,5,4,0
BRDA:90,5,5,0
BRDA:90,5,6,0
BRDA:121,6,0,0
BRDA:121,6,1,0
BRDA:124,7,0,0
BRDA:124,7,1,0
BRDA:125,8,0,0
BRDA:125,8,1,0
BRF:21
BRH:0
end_of_record
TN:
SF:/home/egervais/code/red_tetris/src/client/index.js
FNF:0
FNH:0
LF:0
LH:0
BRF:0
BRH:0
end_of_record
TN:
SF:/home/egervais/code/red_tetris/src/client/middleware/storeStateMiddleWare.js
FN:1,storeStateMiddleWare
FN:2,(anonymous_3)
FNF:2
FNH:0
FNDA:0,storeStateMiddleWare
FNDA:0,(anonymous_3)
LF:0
LH:0
BRF:0
BRH:0
end_of_record
TN:
SF:/home/egervais/code/red_tetris/src/client/reducers/alert.js
FN:3,reducer
FNF:1
FNH:0
FNDA:0,reducer
LF:0
LH:0
BRDA:3,1,0,0
BRDA:3,1,1,0
BRDA:3,2,0,0
BRDA:3,2,1,0
BRDA:5,3,0,0
BRDA:5,3,1,0
BRF:6
BRH:0
end_of_record
TN:
SF:/home/egervais/code/red_tetris/src/client/reducers/index.js
FNF:0
FNH:0
LF:0
LH:0
BRF:0
BRH:0
end_of_record
TN:
SF:/home/egervais/code/red_tetris/src/client/socket.js
FNF:0
FNH:0
LF:0
LH:0
BRF:0
BRH:0
end_of_record
TN:
SF:/home/egervais/code/red_tetris/src/server/index.js
FN:10,getRandomBlock
FN:14,get_piece
FN:24,find_room_id
FN:34,init_room
FN:52,initApp
FN:54,handler
FN:57,(anonymous_11)
FN:67,(anonymous_12)
FN:78,(anonymous_13)
FN:95,(anonymous_14)
FN:101,initEngine
FN:102,(anonymous_16)
FN:104,(anonymous_17)
FN:109,(anonymous_18)
FN:113,(anonymous_19)
FN:117,(anonymous_20)
FN:121,(anonymous_21)
FN:130,(anonymous_22)
FN:141,create
FN:142,(anonymous_24)
FN:144,(anonymous_25)
FN:151,stop
FN:153,(anonymous_27)
FNF:23
FNH:0
FNDA:0,getRandomBlock
FNDA:0,get_piece
FNDA:0,find_room_id
FNDA:0,init_room
FNDA:0,initApp
FNDA:0,handler
FNDA:0,(anonymous_11)
FNDA:0,(anonymous_12)
FNDA:0,(anonymous_13)
FNDA:0,(anonymous_14)
FNDA:0,initEngine
FNDA:0,(anonymous_16)
FNDA:0,(anonymous_17)
FNDA:0,(anonymous_18)
FNDA:0,(anonymous_19)
FNDA:0,(anonymous_20)
FNDA:0,(anonymous_21)
FNDA:0,(anonymous_22)
FNDA:0,create
FNDA:0,(anonymous_24)
FNDA:0,(anonymous_25)
FNDA:0,stop
FNDA:0,(anonymous_27)
DA:10,1
DA:14,1
DA:16,0
DA:17,0
DA:24,1
DA:25,0
DA:27,0
DA:34,1
DA:36,0
DA:37,0
DA:38,0
DA:56,0
DA:58,0
DA:66,0
DA:68,0
DA:77,0
DA:79,0
DA:124,0
DA:133,0
DA:141,1
LF:20
LH:5
BRDA:16,1,0,0
BRDA:16,1,1,0
BRDA:17,2,0,0
BRDA:17,2,1,0
BRDA:27,3,0,0
BRDA:27,3,1,0
BRDA:37,4,0,0
BRDA:37,4,1,0
BRDA:38,5,0,0
BRDA:38,5,1,0
BRDA:56,6,0,0
BRDA:56,6,1,0
BRDA:56,7,0,0
BRDA:56,7,1,0
BRDA:58,8,0,0
BRDA:58,8,1,0
BRDA:66,9,0,0
BRDA:66,9,1,0
BRDA:66,10,0,0
BRDA:66,10,1,0
BRDA:68,11,0,0
BRDA:68,11,1,0
BRDA:77,12,0,0
BRDA:77,12,1,0
BRDA:77,13,0,0
BRDA:77,13,1,0
BRDA:79,14,0,0
BRDA:79,14,1,0
BRDA:124,15,0,0
BRDA:124,15,1,0
BRDA:133,16,0,0
BRDA:133,16,1,0
BRF:32
BRH:0
end_of_record
TN:
SF:/home/egervais/code/red_tetris/src/server/main.js
FNF:0
FNH:0
LF:0
LH:0
BRF:0
BRH:0
end_of_record
